<?xml version='1.0' encoding='UTF-8'?>
<testsuite hostname="Data" name="nl.woupiestek.andrej.test.ParseTest" tests="5" errors="0" failures="0" time="0.092">
                     <properties>
[...]
</properties>
                     <testcase classname="nl.woupiestek.andrej.test.ParseTest" name="Parboil should recognize variables" time="0.081">
                                                 
                                               </testcase><testcase classname="nl.woupiestek.andrej.test.ParseTest" name="Parboil should recognize universes" time="0.002">
                                                 
                                               </testcase><testcase classname="nl.woupiestek.andrej.test.ParseTest" name="Parboil should recognize abstraction" time="0.006">
                                                 
                                               </testcase><testcase classname="nl.woupiestek.andrej.test.ParseTest" name="Parboil should recognize products" time="0.002">
                                                 
                                               </testcase><testcase classname="nl.woupiestek.andrej.test.ParseTest" name="Parboil should recognize applications" time="0.001">
                                                 
                                               </testcase>
                     <system-out></system-out>
                     <system-err></system-err>
                   </testsuite>